workspace/build/app/intermediates/manifest_merge_blame_file/debug/manifest-merger-blame-debug-report.txt
1<?xml version="1.0" encoding="utf-8"?>
2<manifest xmlns:android="http://schemas.android.com/apk/res/android"
3    package="com.example.flutter_app_playground"
4    android:versionCode="1"
5    android:versionName="0.0.1" >
6
7    <uses-sdk
8        android:minSdkVersion="21"
9        android:targetSdkVersion="33" />
10    <!--
11         The INTERNET permission is required for development. Specifically,
12         the Flutter tool needs it to communicate with the running application
13         to allow setting breakpoints, to provide hot reload, etc.
14    -->
15    <uses-permission android:name="android.permission.INTERNET" />
15-->src/debug/AndroidManifest.xml:7:5-66
15-->src/debug/AndroidManifest.xml:7:22-64
16
17    <queries>
17-->[androidx.test:runner:1.5.1] AndroidManifest.xml:24:5-28:15
18        <package android:name="androidx.test.orchestrator" />
18-->[androidx.test:runner:1.5.1] AndroidManifest.xml:25:9-62
18-->[androidx.test:runner:1.5.1] AndroidManifest.xml:25:18-59
19        <package android:name="androidx.test.services" />
19-->[androidx.test:runner:1.5.1] AndroidManifest.xml:26:9-58
19-->[androidx.test:runner:1.5.1] AndroidManifest.xml:26:18-55
20        <package android:name="com.google.android.apps.common.testing.services" />
20-->[androidx.test:runner:1.5.1] AndroidManifest.xml:27:9-83
20-->[androidx.test:runner:1.5.1] AndroidManifest.xml:27:18-80
21    </queries>
22
23    <uses-permission android:name="android.permission.REORDER_TASKS" />
23-->[androidx.test:core:1.5.0] AndroidManifest.xml:24:5-72
23-->[androidx.test:core:1.5.0] AndroidManifest.xml:24:22-69
24
25    <application
26        android:name="android.app.Application"
27        android:appComponentFactory="androidx.core.app.CoreComponentFactory"
27-->[androidx.core:core:1.6.0] AndroidManifest.xml:24:18-86
28        android:debuggable="true"
29        android:icon="@mipmap/ic_launcher"
30        android:label="flutter_app_playground" >
31        <activity
32            android:name="com.example.flutter_app_playground.MainActivity"
33            android:configChanges="orientation|keyboardHidden|keyboard|screenSize|smallestScreenSize|locale|layoutDirection|fontScale|screenLayout|density|uiMode"
34            android:exported="true"
35            android:hardwareAccelerated="true"
36            android:launchMode="singleTop"
37            android:theme="@style/LaunchTheme"
38            android:windowSoftInputMode="adjustResize" >
39
40            <!--
41                 Specifies an Android theme to apply to this Activity as soon as
42                 the Android process has started. This theme is visible to the user
43                 while the Flutter UI initializes. After that, this theme continues
44                 to determine the Window background behind the Flutter UI.
45            -->
46            <meta-data
47                android:name="io.flutter.embedding.android.NormalTheme"
48                android:resource="@style/NormalTheme" />
49
50            <intent-filter>
51                <action android:name="android.intent.action.MAIN" />
52
53                <category android:name="android.intent.category.LAUNCHER" />
53-->[androidx.test:core:1.5.0] AndroidManifest.xml:32:17-77
53-->[androidx.test:core:1.5.0] AndroidManifest.xml:32:27-74
54            </intent-filter>
55        </activity>
56        <!--
57             Don't delete the meta-data below.
58             This is used by the Flutter tool to generate GeneratedPluginRegistrant.java
59        -->
60        <meta-data
61            android:name="flutterEmbedding"
62            android:value="2" />
63
64        <uses-library
64-->[androidx.window:window:1.0.0-beta04] AndroidManifest.xml:25:9-27:40
65            android:name="androidx.window.extensions"
65-->[androidx.window:window:1.0.0-beta04] AndroidManifest.xml:26:13-54
66            android:required="false" />
66-->[androidx.window:window:1.0.0-beta04] AndroidManifest.xml:27:13-37
67        <uses-library
67-->[androidx.window:window:1.0.0-beta04] AndroidManifest.xml:28:9-30:40
68            android:name="androidx.window.sidecar"
68-->[androidx.window:window:1.0.0-beta04] AndroidManifest.xml:29:13-51
69            android:required="false" />
69-->[androidx.window:window:1.0.0-beta04] AndroidManifest.xml:30:13-37
70
71        <activity
71-->[androidx.test:core:1.5.0] AndroidManifest.xml:27:9-34:20
72            android:name="androidx.test.core.app.InstrumentationActivityInvoker$BootstrapActivity"
72-->[androidx.test:core:1.5.0] AndroidManifest.xml:28:13-99
73            android:exported="true"
73-->[androidx.test:core:1.5.0] AndroidManifest.xml:29:13-36
74            android:theme="@style/WhiteBackgroundTheme" >
74-->[androidx.test:core:1.5.0] AndroidManifest.xml:30:13-56
75            <intent-filter android:priority="-100" >
75-->[androidx.test:core:1.5.0] AndroidManifest.xml:31:13-33:29
75-->[androidx.test:core:1.5.0] AndroidManifest.xml:31:28-51
76                <category android:name="android.intent.category.LAUNCHER" />
76-->[androidx.test:core:1.5.0] AndroidManifest.xml:32:17-77
76-->[androidx.test:core:1.5.0] AndroidManifest.xml:32:27-74
77            </intent-filter>
78        </activity>
79        <activity
79-->[androidx.test:core:1.5.0] AndroidManifest.xml:35:9-42:20
80            android:name="androidx.test.core.app.InstrumentationActivityInvoker$EmptyActivity"
80-->[androidx.test:core:1.5.0] AndroidManifest.xml:36:13-95
81            android:exported="true"
81-->[androidx.test:core:1.5.0] AndroidManifest.xml:37:13-36
82            android:theme="@style/WhiteBackgroundTheme" >
82-->[androidx.test:core:1.5.0] AndroidManifest.xml:38:13-56
83            <intent-filter android:priority="-100" >
83-->[androidx.test:core:1.5.0] AndroidManifest.xml:31:13-33:29
83-->[androidx.test:core:1.5.0] AndroidManifest.xml:31:28-51
84                <category android:name="android.intent.category.LAUNCHER" />
84-->[androidx.test:core:1.5.0] AndroidManifest.xml:32:17-77
84-->[androidx.test:core:1.5.0] AndroidManifest.xml:32:27-74
85            </intent-filter>
86        </activity>
87        <activity
87-->[androidx.test:core:1.5.0] AndroidManifest.xml:43:9-50:20
88            android:name="androidx.test.core.app.InstrumentationActivityInvoker$EmptyFloatingActivity"
88-->[androidx.test:core:1.5.0] AndroidManifest.xml:44:13-103
89            android:exported="true"
89-->[androidx.test:core:1.5.0] AndroidManifest.xml:45:13-36
90            android:theme="@style/WhiteBackgroundDialogTheme" >
90-->[androidx.test:core:1.5.0] AndroidManifest.xml:46:13-62
91            <intent-filter android:priority="-100" >
91-->[androidx.test:core:1.5.0] AndroidManifest.xml:31:13-33:29
91-->[androidx.test:core:1.5.0] AndroidManifest.xml:31:28-51
92                <category android:name="android.intent.category.LAUNCHER" />
92-->[androidx.test:core:1.5.0] AndroidManifest.xml:32:17-77
92-->[androidx.test:core:1.5.0] AndroidManifest.xml:32:27-74
93            </intent-filter>
94        </activity>
95    </application>
96
97</manifest>